# JRE version: OpenJDK Runtime Environment (11.0.12+7) (build 11.0.12+7-b1504.28-7817840)
# Java VM: OpenJDK 64-Bit Server VM (11.0.12+7-b1504.28-7817840, mixed mode, tiered, compressed oops, g1 gc, windows-amd64)
Heap:
 garbage-first heap   total 553984K, used 187379K [0x0000000080000000, 0x0000000100000000)
  region size 1024K, 16 young (16384K), 16 survivors (16384K)
 Metaspace       used 107368K, capacity 110222K, committed 110412K, reserved 1144832K
  class space    used 13781K, capacity 14894K, committed 14924K, reserved 1048576K
GC Heap History (20 events):
Event: 24.597 GC heap after
{Heap after GC invocations=56 (full 0):
 garbage-first heap   total 319488K, used 160949K [0x0000000080000000, 0x0000000100000000)
  region size 1024K, 9 young (9216K), 9 survivors (9216K)
 Metaspace       used 100794K, capacity 103356K, committed 103756K, reserved 1138688K
  class space    used 12998K, capacity 14010K, committed 14156K, reserved 1048576K
}
Event: 25.460 GC heap before
{Heap before GC invocations=57 (full 0):
 garbage-first heap   total 319488K, used 230580K [0x0000000080000000, 0x0000000100000000)
  region size 1024K, 77 young (78848K), 9 survivors (9216K)
 Metaspace       used 104163K, capacity 106888K, committed 107084K, reserved 1142784K
  class space    used 13580K, capacity 14658K, committed 14668K, reserved 1048576K
}
Event: 25.481 GC heap after
{Heap after GC invocations=58 (full 0):
 garbage-first heap   total 319488K, used 165992K [0x0000000080000000, 0x0000000100000000)
  region size 1024K, 5 young (5120K), 5 survivors (5120K)
 Metaspace       used 104163K, capacity 106888K, committed 107084K, reserved 1142784K
  class space    used 13580K, capacity 14658K, committed 14668K, reserved 1048576K
}
Event: 25.537 GC heap before
{Heap before GC invocations=58 (full 0):
 garbage-first heap   total 319488K, used 176232K [0x0000000080000000, 0x0000000100000000)
  region size 1024K, 15 young (15360K), 5 survivors (5120K)
 Metaspace       used 104516K, capacity 107295K, committed 107468K, reserved 1142784K
  class space    used 13613K, capacity 14704K, committed 14796K, reserved 1048576K
}
Event: 25.548 GC heap after
{Heap after GC invocations=59 (full 0):
 garbage-first heap   total 319488K, used 163131K [0x0000000080000000, 0x0000000100000000)
  region size 1024K, 1 young (1024K), 1 survivors (1024K)
 Metaspace       used 104516K, capacity 107295K, committed 107468K, reserved 1142784K
  class space    used 13613K, capacity 14704K, committed 14796K, reserved 1048576K
}
Event: 25.822 GC heap before
{Heap before GC invocations=59 (full 0):
 garbage-first heap   total 319488K, used 235835K [0x0000000080000000, 0x0000000100000000)
  region size 1024K, 72 young (73728K), 1 survivors (1024K)
 Metaspace       used 105374K, capacity 108200K, committed 108364K, reserved 1142784K
  class space    used 13717K, capacity 14833K, committed 14924K, reserved 1048576K
}
Event: 25.836 GC heap after
{Heap after GC invocations=60 (full 0):
 garbage-first heap   total 441344K, used 163682K [0x0000000080000000, 0x0000000100000000)
  region size 1024K, 2 young (2048K), 2 survivors (2048K)
 Metaspace       used 105374K, capacity 108200K, committed 108364K, reserved 1142784K
  class space    used 13717K, capacity 14833K, committed 14924K, reserved 1048576K
}
Event: 26.993 GC heap before
{Heap before GC invocations=61 (full 0):
 garbage-first heap   total 441344K, used 282466K [0x0000000080000000, 0x0000000100000000)
  region size 1024K, 119 young (121856K), 2 survivors (2048K)
 Metaspace       used 106323K, capacity 109145K, committed 109388K, reserved 1144832K
  class space    used 13768K, capacity 14879K, committed 14924K, reserved 1048576K
}
Event: 27.026 GC heap after
{Heap after GC invocations=62 (full 0):
 garbage-first heap   total 441344K, used 165559K [0x0000000080000000, 0x0000000100000000)
  region size 1024K, 4 young (4096K), 4 survivors (4096K)
 Metaspace       used 106323K, capacity 109145K, committed 109388K, reserved 1144832K
  class space    used 13768K, capacity 14879K, committed 14924K, reserved 1048576K
}
Event: 27.685 GC heap before
{Heap before GC invocations=62 (full 0):
 garbage-first heap   total 441344K, used 342711K [0x0000000080000000, 0x0000000100000000)
  region size 1024K, 178 young (182272K), 4 survivors (4096K)
 Metaspace       used 106527K, capacity 109367K, committed 109644K, reserved 1144832K
  class space    used 13771K, capacity 14882K, committed 14924K, reserved 1048576K
}
Event: 27.708 GC heap after
{Heap after GC invocations=63 (full 0):
 garbage-first heap   total 441344K, used 171498K [0x0000000080000000, 0x0000000100000000)
  region size 1024K, 10 young (10240K), 10 survivors (10240K)
 Metaspace       used 106527K, capacity 109367K, committed 109644K, reserved 1144832K
  class space    used 13771K, capacity 14882K, committed 14924K, reserved 1048576K
}
Event: 28.352 GC heap before
{Heap before GC invocations=63 (full 0):
 garbage-first heap   total 441344K, used 357866K [0x0000000080000000, 0x0000000100000000)
  region size 1024K, 192 young (196608K), 10 survivors (10240K)
 Metaspace       used 107049K, capacity 109850K, committed 109900K, reserved 1144832K
  class space    used 13772K, capacity 14885K, committed 14924K, reserved 1048576K
}
Event: 28.366 GC heap after
{Heap after GC invocations=64 (full 0):
 garbage-first heap   total 441344K, used 176354K [0x0000000080000000, 0x0000000100000000)
  region size 1024K, 14 young (14336K), 14 survivors (14336K)
 Metaspace       used 107049K, capacity 109850K, committed 109900K, reserved 1144832K
  class space    used 13772K, capacity 14885K, committed 14924K, reserved 1048576K
}
Event: 28.646 GC heap before
{Heap before GC invocations=64 (full 0):
 garbage-first heap   total 441344K, used 360674K [0x0000000080000000, 0x0000000100000000)
  region size 1024K, 195 young (199680K), 14 survivors (14336K)
 Metaspace       used 107147K, capacity 109982K, committed 110156K, reserved 1144832K
  class space    used 13775K, capacity 14885K, committed 14924K, reserved 1048576K
}
Event: 28.659 GC heap after
{Heap after GC invocations=65 (full 0):
 garbage-first heap   total 441344K, used 176132K [0x0000000080000000, 0x0000000100000000)
  region size 1024K, 14 young (14336K), 14 survivors (14336K)
 Metaspace       used 107147K, capacity 109982K, committed 110156K, reserved 1144832K
  class space    used 13775K, capacity 14885K, committed 14924K, reserved 1048576K
}
Event: 28.951 GC heap before
{Heap before GC invocations=65 (full 0):
 garbage-first heap   total 441344K, used 367620K [0x0000000080000000, 0x0000000100000000)
  region size 1024K, 201 young (205824K), 14 survivors (14336K)
 Metaspace       used 107268K, capacity 110150K, committed 110412K, reserved 1144832K
  class space    used 13780K, capacity 14893K, committed 14924K, reserved 1048576K
}
Event: 28.965 GC heap after
{Heap after GC invocations=66 (full 0):
 garbage-first heap   total 441344K, used 176600K [0x0000000080000000, 0x0000000100000000)
  region size 1024K, 14 young (14336K), 14 survivors (14336K)
 Metaspace       used 107268K, capacity 110150K, committed 110412K, reserved 1144832K
  class space    used 13780K, capacity 14893K, committed 14924K, reserved 1048576K
}
Event: 29.239 GC heap before
{Heap before GC invocations=66 (full 0):
 garbage-first heap   total 441344K, used 370136K [0x0000000080000000, 0x0000000100000000)
  region size 1024K, 204 young (208896K), 14 survivors (14336K)
 Metaspace       used 107334K, capacity 110157K, committed 110412K, reserved 1144832K
  class space    used 13781K, capacity 14894K, committed 14924K, reserved 1048576K
}
Event: 29.258 GC heap after
{Heap after GC invocations=67 (full 0):
 garbage-first heap   total 441344K, used 183164K [0x0000000080000000, 0x0000000100000000)
  region size 1024K, 20 young (20480K), 20 survivors (20480K)
 Metaspace       used 107334K, capacity 110157K, committed 110412K, reserved 1144832K
  class space    used 13781K, capacity 14894K, committed 14924K, reserved 1048576K
}
Event: 29.507 GC heap before
{Heap before GC invocations=67 (full 0):
 garbage-first heap   total 441344K, used 371580K [0x0000000080000000, 0x0000000100000000)
  region size 1024K, 204 young (208896K), 20 survivors (20480K)
 Metaspace       used 107368K, capacity 110222K, committed 110412K, reserved 1144832K
  class space    used 13781K, capacity 14894K, committed 14924K, reserved 1048576K
}

