# JRE version: OpenJDK Runtime Environment (11.0.12+7) (build 11.0.12+7-b1504.28-7817840)
# Java VM: OpenJDK 64-Bit Server VM (11.0.12+7-b1504.28-7817840, mixed mode, tiered, compressed oops, g1 gc, windows-amd64)
Heap:
 garbage-first heap   total 126976K, used 86522K [0x0000000080000000, 0x0000000100000000)
  region size 1024K, 64 young (65536K), 7 survivors (7168K)
 Metaspace       used 44853K, capacity 45924K, committed 46156K, reserved 1089536K
  class space    used 5763K, capacity 6160K, committed 6220K, reserved 1048576K
GC Heap History (14 events):
Event: 1.058 GC heap before
{Heap before GC invocations=0 (full 0):
 garbage-first heap   total 126976K, used 29696K [0x0000000080000000, 0x0000000100000000)
  region size 1024K, 24 young (24576K), 0 survivors (0K)
 Metaspace       used 10229K, capacity 10427K, committed 10624K, reserved 1058816K
  class space    used 1072K, capacity 1141K, committed 1152K, reserved 1048576K
}
Event: 1.069 GC heap after
{Heap after GC invocations=1 (full 0):
 garbage-first heap   total 126976K, used 9674K [0x0000000080000000, 0x0000000100000000)
  region size 1024K, 3 young (3072K), 3 survivors (3072K)
 Metaspace       used 10229K, capacity 10427K, committed 10624K, reserved 1058816K
  class space    used 1072K, capacity 1141K, committed 1152K, reserved 1048576K
}
Event: 2.821 GC heap before
{Heap before GC invocations=1 (full 0):
 garbage-first heap   total 126976K, used 82378K [0x0000000080000000, 0x0000000100000000)
  region size 1024K, 74 young (75776K), 3 survivors (3072K)
 Metaspace       used 17573K, capacity 17928K, committed 18176K, reserved 1064960K
  class space    used 2077K, capacity 2219K, committed 2304K, reserved 1048576K
}
Event: 2.827 GC heap after
{Heap after GC invocations=2 (full 0):
 garbage-first heap   total 126976K, used 15818K [0x0000000080000000, 0x0000000100000000)
  region size 1024K, 9 young (9216K), 9 survivors (9216K)
 Metaspace       used 17573K, capacity 17928K, committed 18176K, reserved 1064960K
  class space    used 2077K, capacity 2219K, committed 2304K, reserved 1048576K
}
Event: 3.248 GC heap before
{Heap before GC invocations=2 (full 0):
 garbage-first heap   total 126976K, used 41418K [0x0000000080000000, 0x0000000100000000)
  region size 1024K, 36 young (36864K), 9 survivors (9216K)
 Metaspace       used 20699K, capacity 21075K, committed 21248K, reserved 1067008K
  class space    used 2543K, capacity 2693K, committed 2816K, reserved 1048576K
}
Event: 3.260 GC heap after
{Heap after GC invocations=3 (full 0):
 garbage-first heap   total 126976K, used 16795K [0x0000000080000000, 0x0000000100000000)
  region size 1024K, 2 young (2048K), 2 survivors (2048K)
 Metaspace       used 20699K, capacity 21075K, committed 21248K, reserved 1067008K
  class space    used 2543K, capacity 2693K, committed 2816K, reserved 1048576K
}
Event: 4.130 GC heap before
{Heap before GC invocations=4 (full 0):
 garbage-first heap   total 126976K, used 65947K [0x0000000080000000, 0x0000000100000000)
  region size 1024K, 50 young (51200K), 2 survivors (2048K)
 Metaspace       used 25808K, capacity 26397K, committed 26624K, reserved 1073152K
  class space    used 3369K, capacity 3580K, committed 3584K, reserved 1048576K
}
Event: 4.137 GC heap after
{Heap after GC invocations=5 (full 0):
 garbage-first heap   total 126976K, used 18624K [0x0000000080000000, 0x0000000100000000)
  region size 1024K, 3 young (3072K), 3 survivors (3072K)
 Metaspace       used 25808K, capacity 26397K, committed 26624K, reserved 1073152K
  class space    used 3369K, capacity 3580K, committed 3584K, reserved 1048576K
}
Event: 5.001 GC heap before
{Heap before GC invocations=5 (full 0):
 garbage-first heap   total 126976K, used 74944K [0x0000000080000000, 0x0000000100000000)
  region size 1024K, 58 young (59392K), 3 survivors (3072K)
 Metaspace       used 32337K, capacity 33026K, committed 33280K, reserved 1077248K
  class space    used 4266K, capacity 4538K, committed 4608K, reserved 1048576K
}
Event: 5.006 GC heap after
{Heap after GC invocations=6 (full 0):
 garbage-first heap   total 126976K, used 21159K [0x0000000080000000, 0x0000000100000000)
  region size 1024K, 6 young (6144K), 6 survivors (6144K)
 Metaspace       used 32337K, capacity 33026K, committed 33280K, reserved 1077248K
  class space    used 4266K, capacity 4538K, committed 4608K, reserved 1048576K
}
Event: 5.229 GC heap before
{Heap before GC invocations=6 (full 0):
 garbage-first heap   total 126976K, used 27303K [0x0000000080000000, 0x0000000100000000)
  region size 1024K, 13 young (13312K), 6 survivors (6144K)
 Metaspace       used 35068K, capacity 35786K, committed 35840K, reserved 1081344K
  class space    used 4562K, capacity 4863K, committed 4864K, reserved 1048576K
}
Event: 5.242 GC heap after
{Heap after GC invocations=7 (full 0):
 garbage-first heap   total 126976K, used 22563K [0x0000000080000000, 0x0000000100000000)
  region size 1024K, 4 young (4096K), 4 survivors (4096K)
 Metaspace       used 35068K, capacity 35786K, committed 35840K, reserved 1081344K
  class space    used 4562K, capacity 4863K, committed 4864K, reserved 1048576K
}
Event: 6.147 GC heap before
{Heap before GC invocations=8 (full 0):
 garbage-first heap   total 126976K, used 84003K [0x0000000080000000, 0x0000000100000000)
  region size 1024K, 62 young (63488K), 4 survivors (4096K)
 Metaspace       used 39286K, capacity 40303K, committed 40524K, reserved 1085440K
  class space    used 5046K, capacity 5425K, committed 5452K, reserved 1048576K
}
Event: 6.156 GC heap after
{Heap after GC invocations=9 (full 0):
 garbage-first heap   total 126976K, used 27130K [0x0000000080000000, 0x0000000100000000)
  region size 1024K, 8 young (8192K), 8 survivors (8192K)
 Metaspace       used 39286K, capacity 40303K, committed 40524K, reserved 1085440K
  class space    used 5046K, capacity 5425K, committed 5452K, reserved 1048576K
}

